<?xml version="1.0" encoding="UTF-8"?>
<testsuite name="tests.googleCalcTests" tests="1" skipped="0" failures="0" errors="0" timestamp="2020-11-29T18:38:14" hostname="DESKTOP-SSS4063" time="5.099">
  <properties/>
  <testcase name="test1()" classname="tests.googleCalcTests" time="5.099"/>
  <system-out><![CDATA[]]></system-out>
  <system-err><![CDATA[Starting ChromeDriver 87.0.4280.20 (c99e81631faa0b2a448e658c0dbd8311fb04ddbd-refs/branch-heads/4280@{#355}) on port 27458
Only local connections are allowed.
Please see https://chromedriver.chromium.org/security-considerations for suggestions on keeping ChromeDriver safe.
ChromeDriver was started successfully.
нояб. 29, 2020 10:38:18 PM org.openqa.selenium.remote.ProtocolHandshake createSession
INFO: Detected dialect: W3C
]]></system-err>
</testsuite>
